<?xml version="1.0" encoding="UTF-8"?>
<!-- Generated by org.testng.reporters.JUnitReportReporter -->
<testsuite hostname="Lenovo-PC" name="grid.HRM_Login_DataProvider" tests="2" failures="0" timestamp="11 Dec 2017 14:40:26 GMT" time="18.337" errors="0">
  <testcase name="loginTest" time="11.479" classname="grid.HRM_Login_DataProvider"/>
  <testcase name="loginTest" time="6.858" classname="grid.HRM_Login_DataProvider"/>
</testsuite> <!-- grid.HRM_Login_DataProvider -->
